Compiling the CXX compiler identification source file "CMakeCXXCompilerId.cpp" failed.
Compiler: /usr/bin/g++ 
Build flags: ;-m32
Id flags:  

The output was:
1
/usr/bin/ld: skipping incompatible /usr/lib/gcc/x86_64-linux-gnu/7/libstdc++.so when searching for -lstdc++
/usr/bin/ld: skipping incompatible /usr/lib/gcc/x86_64-linux-gnu/7/libstdc++.a when searching for -lstdc++
/usr/bin/ld: cannot find -lstdc++
/usr/bin/ld: skipping incompatible /usr/lib/gcc/x86_64-linux-gnu/7/libgcc.a when searching for -lgcc
/usr/bin/ld: cannot find -lgcc
collect2: error: ld returned 1 exit status


Determining if the CXX compiler works failed with the following output:
Change Dir: /home/longhongc/pddlstream/FastDownward/builds/release32/CMakeFiles/CMakeTmp

Run Build Command(s):/usr/bin/make cmTC_dae21/fast && /usr/bin/make -f CMakeFiles/cmTC_dae21.dir/build.make CMakeFiles/cmTC_dae21.dir/build
make[1]: Entering directory '/home/longhongc/pddlstream/FastDownward/builds/release32/CMakeFiles/CMakeTmp'
Building CXX object CMakeFiles/cmTC_dae21.dir/testCXXCompiler.cxx.o
/usr/bin/g++    -m32    -o CMakeFiles/cmTC_dae21.dir/testCXXCompiler.cxx.o -c /home/longhongc/pddlstream/FastDownward/builds/release32/CMakeFiles/CMakeTmp/testCXXCompiler.cxx
Linking CXX executable cmTC_dae21
/usr/bin/cmake -E cmake_link_script CMakeFiles/cmTC_dae21.dir/link.txt --verbose=1
/usr/bin/g++   -m32     -rdynamic CMakeFiles/cmTC_dae21.dir/testCXXCompiler.cxx.o  -o cmTC_dae21 
/usr/bin/ld: skipping incompatible /usr/lib/gcc/x86_64-linux-gnu/7/libstdc++.so when searching for -lstdc++
/usr/bin/ld: skipping incompatible /usr/lib/gcc/x86_64-linux-gnu/7/libstdc++.a when searching for -lstdc++
/usr/bin/ld: cannot find -lstdc++
/usr/bin/ld: skipping incompatible /usr/lib/gcc/x86_64-linux-gnu/7/libgcc.a when searching for -lgcc
/usr/bin/ld: cannot find -lgcc
collect2: error: ld returned 1 exit status
make[1]: *** [CMakeFiles/cmTC_dae21.dir/build.make:87: cmTC_dae21] Error 1
make[1]: Leaving directory '/home/longhongc/pddlstream/FastDownward/builds/release32/CMakeFiles/CMakeTmp'
make: *** [Makefile:121: cmTC_dae21/fast] Error 2



